-------------------------------------------------------------------------------
Test set: it.unipd.mtss.IntegerToRomanTest
-------------------------------------------------------------------------------
Tests run: 6, Failures: 6, Errors: 0, Skipped: 0, Time elapsed: 0 s <<< FAILURE! - in it.unipd.mtss.IntegerToRomanTest
testConvert_outOfRange_negative(it.unipd.mtss.IntegerToRomanTest)  Time elapsed: 0 s  <<< FAILURE!
java.lang.AssertionError: Expected exception: it.unipd.mtss.exception.OutOfRange

testConvert_singleDigit(it.unipd.mtss.IntegerToRomanTest)  Time elapsed: 0 s  <<< FAILURE!
java.lang.AssertionError: expected:<I> but was:<null>
	at it.unipd.mtss.IntegerToRomanTest.testConvert_singleDigit(IntegerToRomanTest.java:35)

testConvert_doubleDigit(it.unipd.mtss.IntegerToRomanTest)  Time elapsed: 0 s  <<< FAILURE!
java.lang.AssertionError: expected:<X> but was:<null>
	at it.unipd.mtss.IntegerToRomanTest.testConvert_doubleDigit(IntegerToRomanTest.java:44)

testConvert_outOfRange_tooLow(it.unipd.mtss.IntegerToRomanTest)  Time elapsed: 0 s  <<< FAILURE!
java.lang.AssertionError: Expected exception: it.unipd.mtss.exception.OutOfRange

testConvert_outOfRange_tooHigh(it.unipd.mtss.IntegerToRomanTest)  Time elapsed: 0 s  <<< FAILURE!
java.lang.AssertionError: Expected exception: it.unipd.mtss.exception.OutOfRange

testConvert_tripleDigit(it.unipd.mtss.IntegerToRomanTest)  Time elapsed: 0 s  <<< FAILURE!
java.lang.AssertionError: expected:<C> but was:<null>
	at it.unipd.mtss.IntegerToRomanTest.testConvert_tripleDigit(IntegerToRomanTest.java:53)

