<?xml version="1.0" encoding="UTF-8"?>
<testsuite xmlns:xsi="http://www.w3.org/2001/XMLSchema-instance" xsi:noNamespaceSchemaLocation="https://maven.apache.org/surefire/maven-surefire-plugin/xsd/surefire-test-report.xsd" name="it.unipd.mtss.IntegerToRomanTest" time="0" tests="6" errors="0" skipped="0" failures="6">
  <properties>
    <property name="java.specification.version" value="22"/>
    <property name="sun.cpu.isalist" value="amd64"/>
    <property name="sun.jnu.encoding" value="Cp1252"/>
    <property name="java.class.path" value="C:\Users\Korisnik\Desktop\Assignment2_1\roman-number\target\test-classes;C:\Users\Korisnik\Desktop\Assignment2_1\roman-number\target\classes;C:\Users\Korisnik\.m2\repository\junit\junit\4.12\junit-4.12.jar;C:\Users\Korisnik\.m2\repository\org\hamcrest\hamcrest-core\1.3\hamcrest-core-1.3.jar;"/>
    <property name="java.vm.vendor" value="Oracle Corporation"/>
    <property name="sun.arch.data.model" value="64"/>
    <property name="user.variant" value=""/>
    <property name="java.vendor.url" value="https://java.oracle.com/"/>
    <property name="user.timezone" value="Europe/Podgorica"/>
    <property name="user.country.format" value="ME"/>
    <property name="os.name" value="Windows 10"/>
    <property name="java.vm.specification.version" value="22"/>
    <property name="sun.java.launcher" value="SUN_STANDARD"/>
    <property name="user.country" value="US"/>
    <property name="sun.boot.library.path" value="C:\Program Files\Java\jdk-22\bin"/>
    <property name="sun.java.command" value="C:\Users\Korisnik\AppData\Local\Temp\surefire16923297633150787171\surefirebooter18362470174781916970.jar C:\Users\Korisnik\AppData\Local\Temp\surefire16923297633150787171 2024-05-16T13-26-33_513-jvmRun1 surefire2068677104456099165tmp surefire_07377487859429014311tmp"/>
    <property name="jdk.debug" value="release"/>
    <property name="surefire.test.class.path" value="C:\Users\Korisnik\Desktop\Assignment2_1\roman-number\target\test-classes;C:\Users\Korisnik\Desktop\Assignment2_1\roman-number\target\classes;C:\Users\Korisnik\.m2\repository\junit\junit\4.12\junit-4.12.jar;C:\Users\Korisnik\.m2\repository\org\hamcrest\hamcrest-core\1.3\hamcrest-core-1.3.jar;"/>
    <property name="sun.cpu.endian" value="little"/>
    <property name="user.home" value="C:\Users\Korisnik"/>
    <property name="user.language" value="en"/>
    <property name="java.specification.vendor" value="Oracle Corporation"/>
    <property name="java.version.date" value="2024-04-16"/>
    <property name="java.home" value="C:\Program Files\Java\jdk-22"/>
    <property name="file.separator" value="\"/>
    <property name="basedir" value="C:\Users\Korisnik\Desktop\Assignment2_1\roman-number"/>
    <property name="java.vm.compressedOopsMode" value="32-bit"/>
    <property name="line.separator" value="&#10;"/>
    <property name="java.vm.specification.vendor" value="Oracle Corporation"/>
    <property name="java.specification.name" value="Java Platform API Specification"/>
    <property name="surefire.real.class.path" value="C:\Users\Korisnik\AppData\Local\Temp\surefire16923297633150787171\surefirebooter18362470174781916970.jar"/>
    <property name="user.script" value=""/>
    <property name="user.script.format" value="Latn"/>
    <property name="sun.management.compiler" value="HotSpot 64-Bit Tiered Compilers"/>
    <property name="java.runtime.version" value="22.0.1+8-16"/>
    <property name="user.name" value="Korisnik"/>
    <property name="stdout.encoding" value="Cp1252"/>
    <property name="path.separator" value=";"/>
    <property name="os.version" value="10.0"/>
    <property name="java.runtime.name" value="Java(TM) SE Runtime Environment"/>
    <property name="file.encoding" value="UTF-8"/>
    <property name="java.vm.name" value="Java HotSpot(TM) 64-Bit Server VM"/>
    <property name="localRepository" value="C:\Users\Korisnik\.m2\repository"/>
    <property name="java.vendor.url.bug" value="https://bugreport.java.com/bugreport/"/>
    <property name="java.io.tmpdir" value="C:\Users\Korisnik\AppData\Local\Temp\"/>
    <property name="java.version" value="22.0.1"/>
    <property name="user.dir" value="C:\Users\Korisnik\Desktop\Assignment2_1\roman-number"/>
    <property name="os.arch" value="amd64"/>
    <property name="java.vm.specification.name" value="Java Virtual Machine Specification"/>
    <property name="user.language.format" value="sr"/>
    <property name="sun.os.patch.level" value=""/>
    <property name="native.encoding" value="Cp1252"/>
    <property name="java.library.path" value="C:\Program Files\Java\jdk-22\bin;C:\Windows\Sun\Java\bin;C:\Windows\system32;C:\Windows;C:\Users\Korisnik\bin;C:\Program Files\Git\mingw64\bin;C:\Program Files\Git\usr\local\bin;C:\Program Files\Git\usr\bin;C:\Program Files\Git\usr\bin;C:\Program Files\Git\mingw64\bin;C:\Program Files\Git\usr\bin;C:\Users\Korisnik\bin;C:\Program Files (x86)\VMware\VMware Player\bin;C:\Program Files\Common Files\Oracle\Java\javapath;C:\Windows\system32;C:\Windows;C:\Windows\System32\Wbem;C:\Windows\System32\WindowsPowerShell\v1.0;C:\Windows\System32\OpenSSH;C:\Program Files\nodejs;C:\Program Files\MATLAB\R2023b\bin;C:\Program Files\Git\cmd;C:\Program Files\Java\jdk-22\bin;C:\Program Files\apache-maven-3.9.6-bin\apache-maven-3.9.6\bin;C:\Users\Korisnik\AppData\Local\Microsoft\WindowsApps;C:\Users\Korisnik\AppData\Roaming\npm;C:\MinGW\bin;C:\Users\Korisnik\AppData\Local\Programs\Microsoft VS Code\bin;C:\MinGW\bin;C:\Program Files\JetBrains\IntelliJ IDEA Community Edition 2024.1.1\bin;C:\Program Files\Git\usr\bin\vendor_perl;C:\Program Files\Git\usr\bin\core_perl;."/>
    <property name="java.vm.info" value="mixed mode, sharing"/>
    <property name="stderr.encoding" value="Cp1252"/>
    <property name="java.vendor" value="Oracle Corporation"/>
    <property name="java.vm.version" value="22.0.1+8-16"/>
    <property name="sun.io.unicode.encoding" value="UnicodeLittle"/>
    <property name="java.class.version" value="66.0"/>
  </properties>
  <testcase name="testConvert_outOfRange_negative" classname="it.unipd.mtss.IntegerToRomanTest" time="0">
    <failure message="Expected exception: it.unipd.mtss.exception.OutOfRange" type="java.lang.AssertionError">java.lang.AssertionError: Expected exception: it.unipd.mtss.exception.OutOfRange
</failure>
  </testcase>
  <testcase name="testConvert_singleDigit" classname="it.unipd.mtss.IntegerToRomanTest" time="0">
    <failure message="expected:&lt;I&gt; but was:&lt;null&gt;" type="java.lang.AssertionError"><![CDATA[java.lang.AssertionError: expected:<I> but was:<null>
	at it.unipd.mtss.IntegerToRomanTest.testConvert_singleDigit(IntegerToRomanTest.java:35)
]]></failure>
  </testcase>
  <testcase name="testConvert_doubleDigit" classname="it.unipd.mtss.IntegerToRomanTest" time="0">
    <failure message="expected:&lt;X&gt; but was:&lt;null&gt;" type="java.lang.AssertionError"><![CDATA[java.lang.AssertionError: expected:<X> but was:<null>
	at it.unipd.mtss.IntegerToRomanTest.testConvert_doubleDigit(IntegerToRomanTest.java:44)
]]></failure>
  </testcase>
  <testcase name="testConvert_outOfRange_tooLow" classname="it.unipd.mtss.IntegerToRomanTest" time="0">
    <failure message="Expected exception: it.unipd.mtss.exception.OutOfRange" type="java.lang.AssertionError">java.lang.AssertionError: Expected exception: it.unipd.mtss.exception.OutOfRange
</failure>
  </testcase>
  <testcase name="testConvert_outOfRange_tooHigh" classname="it.unipd.mtss.IntegerToRomanTest" time="0">
    <failure message="Expected exception: it.unipd.mtss.exception.OutOfRange" type="java.lang.AssertionError">java.lang.AssertionError: Expected exception: it.unipd.mtss.exception.OutOfRange
</failure>
  </testcase>
  <testcase name="testConvert_tripleDigit" classname="it.unipd.mtss.IntegerToRomanTest" time="0">
    <failure message="expected:&lt;C&gt; but was:&lt;null&gt;" type="java.lang.AssertionError"><![CDATA[java.lang.AssertionError: expected:<C> but was:<null>
	at it.unipd.mtss.IntegerToRomanTest.testConvert_tripleDigit(IntegerToRomanTest.java:53)
]]></failure>
  </testcase>
</testsuite>